<?xml version="1.0" encoding="UTF-8"?>
<!-- Generated by org.testng.reporters.JUnitReportReporter -->
<testsuite hostname="PC350015" name="Search.Search_Credit_Within_DeadLine" tests="1" failures="0" timestamp="23 May 2018 09:42:39 GMT" time="64.472" errors="0">
  <testcase name="SearchCreditWithinDeadLine" time="64.472" classname="Search.Search_Credit_Within_DeadLine"/>
</testsuite> <!-- Search.Search_Credit_Within_DeadLine -->
