<?xml version="1.0" encoding="UTF-8"?>
<!-- Generated by org.testng.reporters.JUnitReportReporter -->
<testsuite hostname="PC350015" name="Search.Search_Credit" tests="1" failures="0" timestamp="23 May 2018 09:42:39 GMT" time="48.032" errors="0">
  <testcase name="SearchCredit" time="48.032" classname="Search.Search_Credit"/>
</testsuite> <!-- Search.Search_Credit -->
