<?xml version="1.0" encoding="UTF-8"?>
<!-- Generated by org.testng.reporters.JUnitReportReporter -->
<testsuite hostname="PC350015" name="Search.Search_Prepay_Within_DeadLine" tests="1" failures="0" timestamp="23 May 2018 10:35:25 GMT" time="59.496" errors="0">
  <testcase name="SearchPrepayWithinDeadLine" time="59.496" classname="Search.Search_Prepay_Within_DeadLine"/>
</testsuite> <!-- Search.Search_Prepay_Within_DeadLine -->
