<?xml version="1.0" encoding="UTF-8"?>
<!-- Generated by org.testng.reporters.JUnitReportReporter -->
<testsuite hostname="PC350015" name="Search.Search_Prepay" tests="1" failures="0" timestamp="23 May 2018 09:42:39 GMT" time="48.435" errors="0">
  <testcase name="SearchPrepay" time="48.435" classname="Search.Search_Prepay"/>
</testsuite> <!-- Search.Search_Prepay -->
